<?xml version="1.0" encoding="UTF-8"?>
<TestRun id="2e1a826a-5af3-43e3-ad0d-f4d43d24189f" name="CHRISTIAN@ALEX-HP 2012-10-04 23:28:06" runUser="ALEX-HP\CHRISTIAN" xmlns="http://microsoft.com/schemas/VisualStudio/TeamTest/2010">
  <TestSettings name="Local" id="b0a87420-b69e-41de-8ca4-9e5dc1aa6139">
    <Description>These are default test settings for a local test run.</Description>
    <Deployment enabled="false" runDeploymentRoot="CHRISTIAN_ALEX-HP 2012-10-04 23_28_06">
      <DeploymentItem filename="F:\Proyectos\TMD.GestionConfiguracion\TMD.GestionConfiguracion.Entidades\bin\Debug\TMD.GC.Entidades.dll" />
      <DeploymentItem filename="F:\Proyectos\TMD.GestionConfiguracion\Librerias\Microsoft.Practices.EnterpriseLibrary.Common.dll" />
      <DeploymentItem filename="F:\Proyectos\TMD.GestionConfiguracion\TMD.GestionConfiguracion.AccesoDatos\bin\Debug\TMD.CF.AccesoDatos.dll" />
      <DeploymentItem filename="F:\Proyectos\TMD.GestionConfiguracion\Librerias\Microsoft.Practices.Unity.Configuration.dll" />
      <DeploymentItem filename="F:\Proyectos\TMD.GestionConfiguracion\Librerias\Microsoft.Practices.EnterpriseLibrary.Data.dll" />
      <DeploymentItem filename="F:\Proyectos\TMD.GestionConfiguracion\Librerias\Microsoft.Practices.Unity.dll" />
    </Deployment>
    <Execution>
      <TestTypeSpecific />
      <AgentRule name="Execution Agents">
      </AgentRule>
    </Execution>
  </TestSettings>
  <Times creation="2012-10-04T23:28:06.4203977-05:00" queuing="2012-10-04T23:28:13.1867847-05:00" start="2012-10-04T23:28:13.5118033-05:00" finish="2012-10-04T23:28:43.9145422-05:00" />
  <ResultSummary outcome="Error">
    <Counters total="1" executed="1" error="0" failed="0" timeout="0" aborted="1" inconclusive="0" passedButRunAborted="0" notRunnable="0" notExecuted="0" disconnected="0" warning="0" passed="0" completed="0" inProgress="0" pending="0" />
    <RunInfos>
      <RunInfo computerName="ALEX-HP" outcome="Error" timestamp="2012-10-04T23:28:43.9115421-05:00">
        <Text>Test host process exited unexpectedly.</Text>
      </RunInfo>
    </RunInfos>
  </ResultSummary>
  <TestDefinitions>
    <UnitTest name="ListarPorUsuario" storage="f:\proyectos\tmd.gestionconfiguracion\tmd.gc.accesodatos.test\bin\debug\tmd.cf.accesodatos.test.dll" id="3aa0f699-d0c1-6c27-ebad-4f5503256fa4">
      <Execution id="becc7470-1c04-41fb-bde7-d353eaf3c935" />
      <TestMethod codeBase="F:/Proyectos/TMD.GestionConfiguracion/TMD.GC.AccesoDatos.Test/bin/Debug/TMD.CF.AccesoDatos.Test.DLL" adapterTypeName="Microsoft.VisualStudio.TestTools.TestTypes.Unit.UnitTestAdapter, Microsoft.VisualStudio.QualityTools.Tips.UnitTest.Adapter, Version=10.0.0.0, Culture=neutral, PublicKeyToken=b03f5f7f11d50a3a" className="TMD.CF.AccesoDatos.Test.ProyectoDataTest, TMD.CF.AccesoDatos.Test, Version=1.0.0.0, Culture=neutral, PublicKeyToken=null" name="ListarPorUsuario" />
    </UnitTest>
  </TestDefinitions>
  <TestLists>
    <TestList name="Results Not in a List" id="8c84fa94-04c1-424b-9868-57a2d4851a1d" />
    <TestList name="All Loaded Results" id="19431567-8539-422a-85d7-44ee4e166bda" />
  </TestLists>
  <TestEntries>
    <TestEntry testId="3aa0f699-d0c1-6c27-ebad-4f5503256fa4" executionId="becc7470-1c04-41fb-bde7-d353eaf3c935" testListId="8c84fa94-04c1-424b-9868-57a2d4851a1d" />
  </TestEntries>
  <Results>
    <UnitTestResult executionId="becc7470-1c04-41fb-bde7-d353eaf3c935" testId="3aa0f699-d0c1-6c27-ebad-4f5503256fa4" testName="ListarPorUsuario" computerName="ALEX-HP" duration="00:00:29.9867151" startTime="2012-10-04T23:28:13.9278271-05:00" endTime="2012-10-04T23:28:43.9145422-05:00" testType="13cdc9d9-ddb5-4fa4-a97d-d965ccfc6d4b" outcome="Aborted" testListId="8c84fa94-04c1-424b-9868-57a2d4851a1d" relativeResultsDirectory="becc7470-1c04-41fb-bde7-d353eaf3c935">
    </UnitTestResult>
  </Results>
</TestRun>