<?xml version="1.0" encoding="UTF-8"?>
<TestRun id="d8765adb-a950-4f73-8fdf-9fbc90f7eb35" name="CHRISTIAN@ALEX-HP 2012-10-04 23:44:02" runUser="ALEX-HP\CHRISTIAN" xmlns="http://microsoft.com/schemas/VisualStudio/TeamTest/2010">
  <TestSettings name="Local" id="b0a87420-b69e-41de-8ca4-9e5dc1aa6139">
    <Description>These are default test settings for a local test run.</Description>
    <Deployment enabled="false" runDeploymentRoot="CHRISTIAN_ALEX-HP 2012-10-04 23_44_02">
      <DeploymentItem filename="F:\Proyectos\TMD.GestionConfiguracion\TMD.GestionConfiguracion.Entidades\bin\Debug\TMD.GC.Entidades.dll" />
      <DeploymentItem filename="F:\Proyectos\TMD.GestionConfiguracion\Librerias\Microsoft.Practices.EnterpriseLibrary.Common.dll" />
      <DeploymentItem filename="F:\Proyectos\TMD.GestionConfiguracion\TMD.GestionConfiguracion.AccesoDatos\bin\Debug\TMD.CF.AccesoDatos.dll" />
      <DeploymentItem filename="F:\Proyectos\TMD.GestionConfiguracion\Librerias\Microsoft.Practices.Unity.Configuration.dll" />
      <DeploymentItem filename="F:\Proyectos\TMD.GestionConfiguracion\Librerias\Microsoft.Practices.EnterpriseLibrary.Data.dll" />
      <DeploymentItem filename="F:\Proyectos\TMD.GestionConfiguracion\Librerias\Microsoft.Practices.Unity.dll" />
    </Deployment>
    <Execution>
      <TestTypeSpecific />
      <AgentRule name="Execution Agents">
      </AgentRule>
    </Execution>
  </TestSettings>
  <Times creation="2012-10-04T23:44:02.3840757-05:00" queuing="2012-10-04T23:44:04.8052142-05:00" start="2012-10-04T23:44:05.0332272-05:00" finish="2012-10-04T23:44:32.2137819-05:00" />
  <ResultSummary outcome="Error">
    <Counters total="1" executed="1" error="0" failed="0" timeout="0" aborted="1" inconclusive="0" passedButRunAborted="0" notRunnable="0" notExecuted="0" disconnected="0" warning="0" passed="0" completed="0" inProgress="0" pending="0" />
    <RunInfos>
      <RunInfo computerName="ALEX-HP" outcome="Error" timestamp="2012-10-04T23:44:32.2097816-05:00">
        <Text>Test host process exited unexpectedly.</Text>
      </RunInfo>
    </RunInfos>
  </ResultSummary>
  <TestDefinitions>
    <UnitTest name="ListarPorProyecto" storage="f:\proyectos\tmd.gestionconfiguracion\tmd.gc.accesodatos.test\bin\debug\tmd.cf.accesodatos.test.dll" id="14b99ea2-103c-af65-deae-93e4476c7bd5">
      <Execution id="e7c166db-bb3d-4cb6-9f6a-28ff4dcea0be" />
      <TestMethod codeBase="F:/Proyectos/TMD.GestionConfiguracion/TMD.GC.AccesoDatos.Test/bin/Debug/TMD.CF.AccesoDatos.Test.DLL" adapterTypeName="Microsoft.VisualStudio.TestTools.TestTypes.Unit.UnitTestAdapter, Microsoft.VisualStudio.QualityTools.Tips.UnitTest.Adapter, Version=10.0.0.0, Culture=neutral, PublicKeyToken=b03f5f7f11d50a3a" className="TMD.CF.AccesoDatos.Test.FaseDataTest, TMD.CF.AccesoDatos.Test, Version=1.0.0.0, Culture=neutral, PublicKeyToken=null" name="ListarPorProyecto" />
    </UnitTest>
  </TestDefinitions>
  <TestLists>
    <TestList name="Results Not in a List" id="8c84fa94-04c1-424b-9868-57a2d4851a1d" />
    <TestList name="All Loaded Results" id="19431567-8539-422a-85d7-44ee4e166bda" />
  </TestLists>
  <TestEntries>
    <TestEntry testId="14b99ea2-103c-af65-deae-93e4476c7bd5" executionId="e7c166db-bb3d-4cb6-9f6a-28ff4dcea0be" testListId="8c84fa94-04c1-424b-9868-57a2d4851a1d" />
  </TestEntries>
  <Results>
    <UnitTestResult executionId="e7c166db-bb3d-4cb6-9f6a-28ff4dcea0be" testId="14b99ea2-103c-af65-deae-93e4476c7bd5" testName="ListarPorProyecto" computerName="ALEX-HP" duration="00:00:26.9045389" startTime="2012-10-04T23:44:05.3092430-05:00" endTime="2012-10-04T23:44:32.2137819-05:00" testType="13cdc9d9-ddb5-4fa4-a97d-d965ccfc6d4b" outcome="Aborted" testListId="8c84fa94-04c1-424b-9868-57a2d4851a1d" relativeResultsDirectory="e7c166db-bb3d-4cb6-9f6a-28ff4dcea0be">
    </UnitTestResult>
  </Results>
</TestRun>